\BOOKMARK [0][-]{chapter.1}{Wstep}{}% 1
\BOOKMARK [1][-]{section.1.1}{Przedstawienie problemu}{chapter.1}% 2
\BOOKMARK [1][-]{section.1.2}{Problem komiwojazera}{chapter.1}% 3
\BOOKMARK [0][-]{chapter.2}{Zastosowane narzedzia, oprogramowanie i algorytmy}{}% 4
\BOOKMARK [1][-]{section.2.1}{Microsoft Visual Studio 2013}{chapter.2}% 5
\BOOKMARK [1][-]{section.2.2}{Jezyk C Sharp i platforma .NET}{chapter.2}% 6
\BOOKMARK [1][-]{section.2.3}{SQL Server Management Studio 2008}{chapter.2}% 7
\BOOKMARK [1][-]{section.2.4}{Technologia LINQ}{chapter.2}% 8
\BOOKMARK [1][-]{section.2.5}{Microsoft Blend}{chapter.2}% 9
\BOOKMARK [1][-]{section.2.6}{GMap.NET}{chapter.2}% 10
\BOOKMARK [1][-]{section.2.7}{Algorytm}{chapter.2}% 11
\BOOKMARK [2][-]{subsection.2.7.1}{Przedstawienie problemu na grafach}{section.2.7}% 12
\BOOKMARK [2][-]{subsection.2.7.2}{Algorytm rozwiazujacy problem komiwojazera}{section.2.7}% 13
\BOOKMARK [0][-]{chapter.3}{Opis aplikacji}{}% 14
\BOOKMARK [1][-]{section.3.1}{Baza danych}{chapter.3}% 15
\BOOKMARK [1][-]{section.3.2}{Okna aplikacji}{chapter.3}% 16
\BOOKMARK [0][-]{chapter.4}{Prezentacja dzia\233ania programu}{}% 17
\BOOKMARK [0][-]{chapter.5}{Zakonczenie}{}% 18
\BOOKMARK [0][-]{section*.2}{Bibliografia}{}% 19
\BOOKMARK [0][-]{section*.4}{Spis rysunk\363w}{}% 20
